#! /c/Source/iverilog-install/bin/vvp
:ivl_version "12.0 (devel)" "(s20150603-1539-g2693dd32b)";
:ivl_delay_selection "TYPICAL";
:vpi_time_precision - 12;
:vpi_module "E:\iverilog\lib\ivl\system.vpi";
:vpi_module "E:\iverilog\lib\ivl\vhdl_sys.vpi";
:vpi_module "E:\iverilog\lib\ivl\vhdl_textio.vpi";
:vpi_module "E:\iverilog\lib\ivl\v2005_math.vpi";
:vpi_module "E:\iverilog\lib\ivl\va_math.vpi";
S_0000023ac419bc00 .scope module, "tb_alu" "tb_alu" 2 3;
 .timescale -9 -12;
v0000023ac4024100_0 .var "A", 7 0;
v0000023ac40241a0_0 .net "ALU_Out", 7 0, L_0000023ac4014d80;  1 drivers
v0000023ac407b290_0 .var "ALU_Sel", 3 0;
v0000023ac407b510_0 .var "B", 7 0;
v0000023ac407b650_0 .net "CarryOut", 0 0, L_0000023ac407b010;  1 drivers
v0000023ac407a890_0 .var/i "i", 31 0;
S_0000023ac4029fe0 .scope module, "test_unit" "alu" 2 13, 3 1 0, S_0000023ac419bc00;
 .timescale 0 0;
    .port_info 0 /INPUT 8 "A";
    .port_info 1 /INPUT 8 "B";
    .port_info 2 /INPUT 4 "ALU_Sel";
    .port_info 3 /OUTPUT 8 "ALU_Out";
    .port_info 4 /OUTPUT 1 "CarryOut";
L_0000023ac4014d80 .functor BUFZ 8, v0000023ac4196f80_0, C4<00000000>, C4<00000000>, C4<00000000>;
v0000023ac4196d40_0 .net "A", 7 0, v0000023ac4024100_0;  1 drivers
v0000023ac4196970_0 .net "ALU_Out", 7 0, L_0000023ac4014d80;  alias, 1 drivers
v0000023ac4196f80_0 .var "ALU_Result", 7 0;
v0000023ac419bd90_0 .net "ALU_Sel", 3 0, v0000023ac407b290_0;  1 drivers
v0000023ac402a170_0 .net "B", 7 0, v0000023ac407b510_0;  1 drivers
v0000023ac402a210_0 .net "CarryOut", 0 0, L_0000023ac407b010;  alias, 1 drivers
L_0000023ac407b858 .functor BUFT 1, C4<0>, C4<0>, C4<0>, C4<0>;
v0000023ac402a2b0_0 .net/2u *"_ivl_2", 0 0, L_0000023ac407b858;  1 drivers
v0000023ac402a350_0 .net *"_ivl_4", 8 0, L_0000023ac407ae30;  1 drivers
L_0000023ac407b8a0 .functor BUFT 1, C4<0>, C4<0>, C4<0>, C4<0>;
v0000023ac4023f20_0 .net/2u *"_ivl_6", 0 0, L_0000023ac407b8a0;  1 drivers
v0000023ac4023fc0_0 .net *"_ivl_8", 8 0, L_0000023ac407b470;  1 drivers
v0000023ac4024060_0 .net "tmp", 8 0, L_0000023ac407b3d0;  1 drivers
E_0000023ac4016560 .event anyedge, v0000023ac419bd90_0, v0000023ac4196d40_0, v0000023ac402a170_0;
L_0000023ac407ae30 .concat [ 8 1 0 0], v0000023ac4024100_0, L_0000023ac407b858;
L_0000023ac407b470 .concat [ 8 1 0 0], v0000023ac407b510_0, L_0000023ac407b8a0;
L_0000023ac407b3d0 .arith/sum 9, L_0000023ac407ae30, L_0000023ac407b470;
L_0000023ac407b010 .part L_0000023ac407b3d0, 8, 1;
    .scope S_0000023ac4029fe0;
T_0 ;
    %wait E_0000023ac4016560;
    %load/vec4 v0000023ac419bd90_0;
    %dup/vec4;
    %pushi/vec4 0, 0, 4;
    %cmp/u;
    %jmp/1 T_0.0, 6;
    %dup/vec4;
    %pushi/vec4 1, 0, 4;
    %cmp/u;
    %jmp/1 T_0.1, 6;
    %dup/vec4;
    %pushi/vec4 2, 0, 4;
    %cmp/u;
    %jmp/1 T_0.2, 6;
    %dup/vec4;
    %pushi/vec4 3, 0, 4;
    %cmp/u;
    %jmp/1 T_0.3, 6;
    %dup/vec4;
    %pushi/vec4 4, 0, 4;
    %cmp/u;
    %jmp/1 T_0.4, 6;
    %dup/vec4;
    %pushi/vec4 5, 0, 4;
    %cmp/u;
    %jmp/1 T_0.5, 6;
    %dup/vec4;
    %pushi/vec4 6, 0, 4;
    %cmp/u;
    %jmp/1 T_0.6, 6;
    %dup/vec4;
    %pushi/vec4 7, 0, 4;
    %cmp/u;
    %jmp/1 T_0.7, 6;
    %dup/vec4;
    %pushi/vec4 8, 0, 4;
    %cmp/u;
    %jmp/1 T_0.8, 6;
    %dup/vec4;
    %pushi/vec4 9, 0, 4;
    %cmp/u;
    %jmp/1 T_0.9, 6;
    %dup/vec4;
    %pushi/vec4 10, 0, 4;
    %cmp/u;
    %jmp/1 T_0.10, 6;
    %dup/vec4;
    %pushi/vec4 11, 0, 4;
    %cmp/u;
    %jmp/1 T_0.11, 6;
    %dup/vec4;
    %pushi/vec4 12, 0, 4;
    %cmp/u;
    %jmp/1 T_0.12, 6;
    %dup/vec4;
    %pushi/vec4 13, 0, 4;
    %cmp/u;
    %jmp/1 T_0.13, 6;
    %dup/vec4;
    %pushi/vec4 14, 0, 4;
    %cmp/u;
    %jmp/1 T_0.14, 6;
    %dup/vec4;
    %pushi/vec4 15, 0, 4;
    %cmp/u;
    %jmp/1 T_0.15, 6;
    %load/vec4 v0000023ac4196d40_0;
    %load/vec4 v0000023ac402a170_0;
    %add;
    %store/vec4 v0000023ac4196f80_0, 0, 8;
    %jmp T_0.17;
T_0.0 ;
    %load/vec4 v0000023ac4196d40_0;
    %load/vec4 v0000023ac402a170_0;
    %add;
    %store/vec4 v0000023ac4196f80_0, 0, 8;
    %jmp T_0.17;
T_0.1 ;
    %load/vec4 v0000023ac4196d40_0;
    %load/vec4 v0000023ac402a170_0;
    %sub;
    %store/vec4 v0000023ac4196f80_0, 0, 8;
    %jmp T_0.17;
T_0.2 ;
    %load/vec4 v0000023ac4196d40_0;
    %load/vec4 v0000023ac402a170_0;
    %mul;
    %store/vec4 v0000023ac4196f80_0, 0, 8;
    %jmp T_0.17;
T_0.3 ;
    %load/vec4 v0000023ac4196d40_0;
    %load/vec4 v0000023ac402a170_0;
    %div;
    %store/vec4 v0000023ac4196f80_0, 0, 8;
    %jmp T_0.17;
T_0.4 ;
    %load/vec4 v0000023ac4196d40_0;
    %ix/load 4, 1, 0;
    %flag_set/imm 4, 0;
    %shiftl 4;
    %store/vec4 v0000023ac4196f80_0, 0, 8;
    %jmp T_0.17;
T_0.5 ;
    %load/vec4 v0000023ac4196d40_0;
    %ix/load 4, 1, 0;
    %flag_set/imm 4, 0;
    %shiftr 4;
    %store/vec4 v0000023ac4196f80_0, 0, 8;
    %jmp T_0.17;
T_0.6 ;
    %load/vec4 v0000023ac4196d40_0;
    %parti/s 7, 0, 2;
    %load/vec4 v0000023ac4196d40_0;
    %parti/s 1, 7, 4;
    %concat/vec4; draw_concat_vec4
    %store/vec4 v0000023ac4196f80_0, 0, 8;
    %jmp T_0.17;
T_0.7 ;
    %load/vec4 v0000023ac4196d40_0;
    %parti/s 1, 0, 2;
    %load/vec4 v0000023ac4196d40_0;
    %parti/s 7, 1, 2;
    %concat/vec4; draw_concat_vec4
    %store/vec4 v0000023ac4196f80_0, 0, 8;
    %jmp T_0.17;
T_0.8 ;
    %load/vec4 v0000023ac4196d40_0;
    %load/vec4 v0000023ac402a170_0;
    %and;
    %store/vec4 v0000023ac4196f80_0, 0, 8;
    %jmp T_0.17;
T_0.9 ;
    %load/vec4 v0000023ac4196d40_0;
    %load/vec4 v0000023ac402a170_0;
    %or;
    %store/vec4 v0000023ac4196f80_0, 0, 8;
    %jmp T_0.17;
T_0.10 ;
    %load/vec4 v0000023ac4196d40_0;
    %load/vec4 v0000023ac402a170_0;
    %xor;
    %store/vec4 v0000023ac4196f80_0, 0, 8;
    %jmp T_0.17;
T_0.11 ;
    %load/vec4 v0000023ac4196d40_0;
    %load/vec4 v0000023ac402a170_0;
    %or;
    %inv;
    %store/vec4 v0000023ac4196f80_0, 0, 8;
    %jmp T_0.17;
T_0.12 ;
    %load/vec4 v0000023ac4196d40_0;
    %load/vec4 v0000023ac402a170_0;
    %and;
    %inv;
    %store/vec4 v0000023ac4196f80_0, 0, 8;
    %jmp T_0.17;
T_0.13 ;
    %load/vec4 v0000023ac4196d40_0;
    %load/vec4 v0000023ac402a170_0;
    %xor;
    %inv;
    %store/vec4 v0000023ac4196f80_0, 0, 8;
    %jmp T_0.17;
T_0.14 ;
    %load/vec4 v0000023ac402a170_0;
    %load/vec4 v0000023ac4196d40_0;
    %cmp/u;
    %flag_mov 8, 5;
    %jmp/0 T_0.18, 8;
    %pushi/vec4 1, 0, 8;
    %jmp/1 T_0.19, 8;
T_0.18 ; End of true expr.
    %pushi/vec4 0, 0, 8;
    %jmp/0 T_0.19, 8;
 ; End of false expr.
    %blend;
T_0.19;
    %store/vec4 v0000023ac4196f80_0, 0, 8;
    %jmp T_0.17;
T_0.15 ;
    %load/vec4 v0000023ac4196d40_0;
    %load/vec4 v0000023ac402a170_0;
    %cmp/e;
    %flag_mov 8, 4;
    %jmp/0 T_0.20, 8;
    %pushi/vec4 1, 0, 8;
    %jmp/1 T_0.21, 8;
T_0.20 ; End of true expr.
    %pushi/vec4 0, 0, 8;
    %jmp/0 T_0.21, 8;
 ; End of false expr.
    %blend;
T_0.21;
    %store/vec4 v0000023ac4196f80_0, 0, 8;
    %jmp T_0.17;
T_0.17 ;
    %pop/vec4 1;
    %jmp T_0;
    .thread T_0, $push;
    .scope S_0000023ac419bc00;
T_1 ;
    %pushi/vec4 10, 0, 8;
    %store/vec4 v0000023ac4024100_0, 0, 8;
    %pushi/vec4 2, 0, 8;
    %store/vec4 v0000023ac407b510_0, 0, 8;
    %pushi/vec4 0, 0, 4;
    %store/vec4 v0000023ac407b290_0, 0, 4;
    %pushi/vec4 0, 0, 32;
    %store/vec4 v0000023ac407a890_0, 0, 32;
T_1.0 ;
    %load/vec4 v0000023ac407a890_0;
    %cmpi/s 15, 0, 32;
    %flag_or 5, 4;
    %jmp/0xz T_1.1, 5;
    %load/vec4 v0000023ac407b290_0;
    %pad/u 8;
    %addi 1, 0, 8;
    %pad/u 4;
    %store/vec4 v0000023ac407b290_0, 0, 4;
    %delay 10000, 0;
    %load/vec4 v0000023ac407a890_0;
    %addi 1, 0, 32;
    %store/vec4 v0000023ac407a890_0, 0, 32;
    %jmp T_1.0;
T_1.1 ;
    %pushi/vec4 246, 0, 8;
    %store/vec4 v0000023ac4024100_0, 0, 8;
    %pushi/vec4 10, 0, 8;
    %store/vec4 v0000023ac407b510_0, 0, 8;
    %end;
    .thread T_1;
# The file index is used to find the file name in the following table.
:file_names 4;
    "N/A";
    "<interactive>";
    ".\ALU_tb.v";
    ".\ALU.v";
